<?xml version="1.0" encoding="UTF-8"?>
<!-- Generated by org.testng.reporters.JUnitReportReporter -->
<testsuite hostname="Abiral" failures="0" tests="1" name="Zippy.ZippyPlan" time="75.565" errors="0" timestamp="2024-10-23T07:31:23 NPT" skipped="0">
  <testcase classname="Zippy.ZippyPlan" name="ZippyPlan" time="75.565"/>
  <system-out/>
</testsuite> <!-- Zippy.ZippyPlan -->
